[debug] [2017-11-23T21:45:23.516Z] ----------------------------------------------------------------------
[debug] [2017-11-23T21:45:23.520Z] Command:       C:\Program Files\nodejs\node.exe C:\Users\manuelamadeo\AppData\Roaming\npm\node_modules\firebase-tools\bin\firebase serve
[debug] [2017-11-23T21:45:23.521Z] CLI Version:   3.15.3
[debug] [2017-11-23T21:45:23.521Z] Platform:      win32
[debug] [2017-11-23T21:45:23.521Z] Node Version:  v8.9.1
[debug] [2017-11-23T21:45:23.521Z] Time:          Thu Nov 23 2017 22:45:23 GMT+0100 (Hora estándar romance)
[debug] [2017-11-23T21:45:23.521Z] ----------------------------------------------------------------------
[debug] 
[debug] [2017-11-23T21:45:23.546Z] > command requires scopes: ["email","openid","https://www.googleapis.com/auth/cloudplatformprojects.readonly","https://www.googleapis.com/auth/firebase","https://www.googleapis.com/auth/cloud-platform"]
[debug] [2017-11-23T21:45:23.547Z] > authorizing via signed-in user
[debug] [2017-11-23T21:45:23.550Z] >>> HTTP REQUEST GET https://admin.firebase.com/v1/projects/ccvalverde-dejucar  
 Thu Nov 23 2017 22:45:23 GMT+0100 (Hora estándar romance)
[debug] [2017-11-23T21:45:24.497Z] <<< HTTP RESPONSE 200
[debug] [2017-11-23T21:45:24.498Z] >>> HTTP REQUEST GET https://admin.firebase.com/v1/database/ccvalverde-dejucar/tokens  
 Thu Nov 23 2017 22:45:24 GMT+0100 (Hora estándar romance)
[debug] [2017-11-23T21:45:25.225Z] <<< HTTP RESPONSE 200
[info] 
[info] === Serving from 'C:\desarrollo'...
[info] 
[debug] [2017-11-23T21:45:25.230Z] >>> HTTP REQUEST GET https://cloudresourcemanager.googleapis.com/v1/projects/ccvalverde-dejucar  
 Thu Nov 23 2017 22:45:25 GMT+0100 (Hora estándar romance)
[debug] [2017-11-23T21:45:26.231Z] <<< HTTP RESPONSE 200
[debug] [2017-11-23T21:45:26.231Z] >>> HTTP REQUEST GET https://mobilesdk-pa.googleapis.com/v1/projects/1030098028806/clients/_:getWebAppConfig  
 Thu Nov 23 2017 22:45:26 GMT+0100 (Hora estándar romance)
[debug] [2017-11-23T21:45:27.330Z] <<< HTTP RESPONSE 200
[info] i  hosting: Serving hosting files from: public
[info] +  hosting: Local server: http://localhost:5000

